<?xml version="1.0" encoding="UTF-8"?>
<testsuite xmlns:xsi="http://www.w3.org/2001/XMLSchema-instance" xsi:noNamespaceSchemaLocation="https://maven.apache.org/surefire/maven-surefire-plugin/xsd/surefire-test-report.xsd" name="group1.DebuggingWordCountTest" time="2.095" tests="1" errors="1" skipped="0" failures="0">
  <properties>
[...]
</properties>
  <testcase name="testDebuggingWordCount" classname="group1.DebuggingWordCountTest" time="2.095">
    <error message="java.lang.IllegalStateException: Unable to find registrar for c" type="org.apache.beam.sdk.Pipeline$PipelineExecutionException">org.apache.beam.sdk.Pipeline$PipelineExecutionException: java.lang.IllegalStateException: Unable to find registrar for c
	at group1.DebuggingWordCountTest.testDebuggingWordCount(DebuggingWordCountTest.java:50)
Caused by: java.lang.IllegalStateException: Unable to find registrar for c
</error>
  </testcase>
</testsuite>